2023-05-01 20:57:40.918 - Info	
Packing /home/nilish/Desktop/Power-apps/RichTextPCF/RichTextPCF1/obj/Release/Metadata to bin/Release/RichTextPCF1.zip

2023-05-01 20:57:40.926 - Info	Processing Component: Entities
2023-05-01 20:57:40.929 - Info	Processing Component: Roles
2023-05-01 20:57:40.932 - Info	Processing Component: Workflows
2023-05-01 20:57:40.932 - Info	Processing Component: FieldSecurityProfiles
2023-05-01 20:57:40.932 - Info	Processing Component: Templates
2023-05-01 20:57:40.933 - Info	Processing Component: EntityMaps
2023-05-01 20:57:40.933 - Info	Processing Component: EntityRelationships
2023-05-01 20:57:40.935 - Info	Processing Component: OrganizationSettings
2023-05-01 20:57:40.935 - Info	Processing Component: optionsets
2023-05-01 20:57:40.935 - Info	Processing Component: CustomControls
2023-05-01 20:57:40.942 - Info	 - Seer365.DesignStudio.Controls.RichTextController
2023-05-01 20:57:40.944 - Info	Processing Component: SolutionPluginAssemblies
2023-05-01 20:57:40.945 - Info	Processing Component: EntityDataProviders
2023-05-01 20:57:41.003 - Info	
Unmanaged Pack complete.

2023-05-01 22:55:09.945 - Info	
Packing /home/nilish/Desktop/Power-apps/RichTextPCF/RichTextPCF1/obj/Release/Metadata to bin/Release/RichTextPCF1.zip

2023-05-01 22:55:09.951 - Info	Processing Component: Entities
2023-05-01 22:55:09.953 - Info	Processing Component: Roles
2023-05-01 22:55:09.955 - Info	Processing Component: Workflows
2023-05-01 22:55:09.955 - Info	Processing Component: FieldSecurityProfiles
2023-05-01 22:55:09.955 - Info	Processing Component: Templates
2023-05-01 22:55:09.956 - Info	Processing Component: EntityMaps
2023-05-01 22:55:09.956 - Info	Processing Component: EntityRelationships
2023-05-01 22:55:09.958 - Info	Processing Component: OrganizationSettings
2023-05-01 22:55:09.958 - Info	Processing Component: optionsets
2023-05-01 22:55:09.958 - Info	Processing Component: CustomControls
2023-05-01 22:55:09.963 - Info	 - Seer365.DesignStudio.Controls.RichTextController
2023-05-01 22:55:09.965 - Info	Processing Component: SolutionPluginAssemblies
2023-05-01 22:55:09.966 - Info	Processing Component: EntityDataProviders
2023-05-01 22:55:10.000 - Info	
Unmanaged Pack complete.

2023-05-01 23:05:21.808 - Info	
Packing /home/nilish/Desktop/Power-apps/RichTextPCF/RichTextPCF1/obj/Release/Metadata to bin/Release/RichTextPCF1.zip

2023-05-01 23:05:21.814 - Info	Processing Component: Entities
2023-05-01 23:05:21.816 - Info	Processing Component: Roles
2023-05-01 23:05:21.818 - Info	Processing Component: Workflows
2023-05-01 23:05:21.818 - Info	Processing Component: FieldSecurityProfiles
2023-05-01 23:05:21.818 - Info	Processing Component: Templates
2023-05-01 23:05:21.819 - Info	Processing Component: EntityMaps
2023-05-01 23:05:21.819 - Info	Processing Component: EntityRelationships
2023-05-01 23:05:21.821 - Info	Processing Component: OrganizationSettings
2023-05-01 23:05:21.821 - Info	Processing Component: optionsets
2023-05-01 23:05:21.822 - Info	Processing Component: CustomControls
2023-05-01 23:05:21.826 - Info	 - Seer365.DesignStudio.Controls.RichTextController
2023-05-01 23:05:21.828 - Info	Processing Component: SolutionPluginAssemblies
2023-05-01 23:05:21.828 - Info	Processing Component: EntityDataProviders
2023-05-01 23:05:21.874 - Info	
Unmanaged Pack complete.

2023-05-01 23:12:04.451 - Info	
Packing /home/nilish/Desktop/Power-apps/RichTextPCF/RichTextPCF1/obj/Release/Metadata to bin/Release/RichTextPCF1.zip

2023-05-01 23:12:04.458 - Info	Processing Component: Entities
2023-05-01 23:12:04.460 - Info	Processing Component: Roles
2023-05-01 23:12:04.462 - Info	Processing Component: Workflows
2023-05-01 23:12:04.462 - Info	Processing Component: FieldSecurityProfiles
2023-05-01 23:12:04.463 - Info	Processing Component: Templates
2023-05-01 23:12:04.463 - Info	Processing Component: EntityMaps
2023-05-01 23:12:04.463 - Info	Processing Component: EntityRelationships
2023-05-01 23:12:04.465 - Info	Processing Component: OrganizationSettings
2023-05-01 23:12:04.466 - Info	Processing Component: optionsets
2023-05-01 23:12:04.466 - Info	Processing Component: CustomControls
2023-05-01 23:12:04.471 - Info	 - Seer365.DesignStudio.Controls.RichTextController
2023-05-01 23:12:04.473 - Info	Processing Component: SolutionPluginAssemblies
2023-05-01 23:12:04.474 - Info	Processing Component: EntityDataProviders
2023-05-01 23:12:04.511 - Info	
Unmanaged Pack complete.

2023-05-01 23:24:55.766 - Info	
Packing /home/nilish/Desktop/Power-apps/RichTextPCF/RichTextPCF1/obj/Release/Metadata to bin/Release/RichTextPCF1.zip

2023-05-01 23:24:55.773 - Info	Processing Component: Entities
2023-05-01 23:24:55.776 - Info	Processing Component: Roles
2023-05-01 23:24:55.778 - Info	Processing Component: Workflows
2023-05-01 23:24:55.778 - Info	Processing Component: FieldSecurityProfiles
2023-05-01 23:24:55.778 - Info	Processing Component: Templates
2023-05-01 23:24:55.779 - Info	Processing Component: EntityMaps
2023-05-01 23:24:55.779 - Info	Processing Component: EntityRelationships
2023-05-01 23:24:55.782 - Info	Processing Component: OrganizationSettings
2023-05-01 23:24:55.783 - Info	Processing Component: optionsets
2023-05-01 23:24:55.783 - Info	Processing Component: CustomControls
2023-05-01 23:24:55.787 - Info	 - Seer365.DesignStudio.Controls.RichTextController
2023-05-01 23:24:55.789 - Info	Processing Component: SolutionPluginAssemblies
2023-05-01 23:24:55.789 - Info	Processing Component: EntityDataProviders
2023-05-01 23:24:55.825 - Info	
Unmanaged Pack complete.

2023-05-01 23:33:58.175 - Info	
Packing /home/nilish/Desktop/Power-apps/RichTextPCF/RichTextPCF1/obj/Release/Metadata to bin/Release/RichTextPCF1.zip

2023-05-01 23:33:58.180 - Info	Processing Component: Entities
2023-05-01 23:33:58.182 - Info	Processing Component: Roles
2023-05-01 23:33:58.184 - Info	Processing Component: Workflows
2023-05-01 23:33:58.184 - Info	Processing Component: FieldSecurityProfiles
2023-05-01 23:33:58.184 - Info	Processing Component: Templates
2023-05-01 23:33:58.185 - Info	Processing Component: EntityMaps
2023-05-01 23:33:58.185 - Info	Processing Component: EntityRelationships
2023-05-01 23:33:58.187 - Info	Processing Component: OrganizationSettings
2023-05-01 23:33:58.188 - Info	Processing Component: optionsets
2023-05-01 23:33:58.188 - Info	Processing Component: CustomControls
2023-05-01 23:33:58.193 - Info	 - Seer365.DesignStudio.Controls.RichTextController
2023-05-01 23:33:58.195 - Info	Processing Component: SolutionPluginAssemblies
2023-05-01 23:33:58.196 - Info	Processing Component: EntityDataProviders
2023-05-01 23:33:58.235 - Info	
Unmanaged Pack complete.

2023-05-01 23:51:11.760 - Info	
Packing /home/nilish/Desktop/Power-apps/RichTextPCF/RichTextPCF1/obj/Release/Metadata to bin/Release/RichTextPCF1.zip

2023-05-01 23:51:11.770 - Info	Processing Component: Entities
2023-05-01 23:51:11.773 - Info	Processing Component: Roles
2023-05-01 23:51:11.776 - Info	Processing Component: Workflows
2023-05-01 23:51:11.776 - Info	Processing Component: FieldSecurityProfiles
2023-05-01 23:51:11.776 - Info	Processing Component: Templates
2023-05-01 23:51:11.777 - Info	Processing Component: EntityMaps
2023-05-01 23:51:11.777 - Info	Processing Component: EntityRelationships
2023-05-01 23:51:11.779 - Info	Processing Component: OrganizationSettings
2023-05-01 23:51:11.780 - Info	Processing Component: optionsets
2023-05-01 23:51:11.780 - Info	Processing Component: CustomControls
2023-05-01 23:51:11.787 - Info	 - Seer365.DesignStudio.Controls.RichTextController
2023-05-01 23:51:11.790 - Info	Processing Component: SolutionPluginAssemblies
2023-05-01 23:51:11.790 - Info	Processing Component: EntityDataProviders
2023-05-01 23:51:11.850 - Info	
Unmanaged Pack complete.

2023-05-01 23:52:38.177 - Info	
Packing /home/nilish/Desktop/Power-apps/RichTextPCF/RichTextPCF1/obj/Release/Metadata to bin/Release/RichTextPCF1.zip

2023-05-01 23:52:38.186 - Info	Processing Component: Entities
2023-05-01 23:52:38.190 - Info	Processing Component: Roles
2023-05-01 23:52:38.193 - Info	Processing Component: Workflows
2023-05-01 23:52:38.193 - Info	Processing Component: FieldSecurityProfiles
2023-05-01 23:52:38.193 - Info	Processing Component: Templates
2023-05-01 23:52:38.194 - Info	Processing Component: EntityMaps
2023-05-01 23:52:38.194 - Info	Processing Component: EntityRelationships
2023-05-01 23:52:38.197 - Info	Processing Component: OrganizationSettings
2023-05-01 23:52:38.198 - Info	Processing Component: optionsets
2023-05-01 23:52:38.198 - Info	Processing Component: CustomControls
2023-05-01 23:52:38.205 - Info	 - Seer365.DesignStudio.Controls.RichTextController
2023-05-01 23:52:38.208 - Info	Processing Component: SolutionPluginAssemblies
2023-05-01 23:52:38.208 - Info	Processing Component: EntityDataProviders
2023-05-01 23:52:38.272 - Info	
Unmanaged Pack complete.

2023-05-01 23:58:01.717 - Info	
Packing /home/nilish/Desktop/Power-apps/RichTextPCF/RichTextPCF1/obj/Release/Metadata to bin/Release/RichTextPCF1.zip

2023-05-01 23:58:01.727 - Info	Processing Component: Entities
2023-05-01 23:58:01.731 - Info	Processing Component: Roles
2023-05-01 23:58:01.733 - Info	Processing Component: Workflows
2023-05-01 23:58:01.733 - Info	Processing Component: FieldSecurityProfiles
2023-05-01 23:58:01.733 - Info	Processing Component: Templates
2023-05-01 23:58:01.734 - Info	Processing Component: EntityMaps
2023-05-01 23:58:01.734 - Info	Processing Component: EntityRelationships
2023-05-01 23:58:01.737 - Info	Processing Component: OrganizationSettings
2023-05-01 23:58:01.737 - Info	Processing Component: optionsets
2023-05-01 23:58:01.737 - Info	Processing Component: CustomControls
2023-05-01 23:58:01.745 - Info	 - Seer365.DesignStudio.Controls.RichTextController
2023-05-01 23:58:01.749 - Info	Processing Component: SolutionPluginAssemblies
2023-05-01 23:58:01.749 - Info	Processing Component: EntityDataProviders
2023-05-01 23:58:01.811 - Info	
Unmanaged Pack complete.

2023-05-02 00:09:07.081 - Info	
Packing /home/nilish/Desktop/Power-apps/RichTextPCF/RichTextPCF1/obj/Release/Metadata to bin/Release/RichTextPCF1.zip

2023-05-02 00:09:07.090 - Info	Processing Component: Entities
2023-05-02 00:09:07.093 - Info	Processing Component: Roles
2023-05-02 00:09:07.096 - Info	Processing Component: Workflows
2023-05-02 00:09:07.096 - Info	Processing Component: FieldSecurityProfiles
2023-05-02 00:09:07.096 - Info	Processing Component: Templates
2023-05-02 00:09:07.097 - Info	Processing Component: EntityMaps
2023-05-02 00:09:07.097 - Info	Processing Component: EntityRelationships
2023-05-02 00:09:07.100 - Info	Processing Component: OrganizationSettings
2023-05-02 00:09:07.100 - Info	Processing Component: optionsets
2023-05-02 00:09:07.100 - Info	Processing Component: CustomControls
2023-05-02 00:09:07.106 - Info	 - Seer365.DesignStudio.Controls.RichTextController
2023-05-02 00:09:07.109 - Info	Processing Component: SolutionPluginAssemblies
2023-05-02 00:09:07.110 - Info	Processing Component: EntityDataProviders
2023-05-02 00:09:07.166 - Info	
Unmanaged Pack complete.

2023-05-02 00:14:01.240 - Info	
Packing /home/nilish/Desktop/Power-apps/RichTextPCF/RichTextPCF1/obj/Release/Metadata to bin/Release/RichTextPCF1.zip

2023-05-02 00:14:01.246 - Info	Processing Component: Entities
2023-05-02 00:14:01.248 - Info	Processing Component: Roles
2023-05-02 00:14:01.250 - Info	Processing Component: Workflows
2023-05-02 00:14:01.250 - Info	Processing Component: FieldSecurityProfiles
2023-05-02 00:14:01.251 - Info	Processing Component: Templates
2023-05-02 00:14:01.251 - Info	Processing Component: EntityMaps
2023-05-02 00:14:01.251 - Info	Processing Component: EntityRelationships
2023-05-02 00:14:01.253 - Info	Processing Component: OrganizationSettings
2023-05-02 00:14:01.253 - Info	Processing Component: optionsets
2023-05-02 00:14:01.253 - Info	Processing Component: CustomControls
2023-05-02 00:14:01.257 - Info	 - Seer365.DesignStudio.Controls.RichTextController
2023-05-02 00:14:01.259 - Info	Processing Component: SolutionPluginAssemblies
2023-05-02 00:14:01.260 - Info	Processing Component: EntityDataProviders
2023-05-02 00:14:01.299 - Info	
Unmanaged Pack complete.

